<?xml version="1.0" encoding="UTF-8"?>
<testng-results ignored="1" total="2" passed="1" failed="0" skipped="0">
  <reporter-output>
  </reporter-output>
  <suite started-at="2022-12-11T22:28:11 IST" name="Default suite" finished-at="2022-12-11T22:30:33 IST" duration-ms="141558">
    <groups>
    </groups>
    <test started-at="2022-12-11T22:28:11 IST" name="Default test" finished-at="2022-12-11T22:30:33 IST" duration-ms="141558">
      <class name="frame.Testcase">
        <test-method is-config="true" signature="KillAllProcesses()[pri:0, instance:frame.Testcase@63a12c68]" started-at="2022-12-11T22:28:11 IST" name="KillAllProcesses" finished-at="2022-12-11T22:28:29 IST" duration-ms="18045" status="PASS">
          <reporter-output>
          </reporter-output>
        </test-method> <!-- KillAllProcesses -->
        <test-method signature="tc2()[pri:0, instance:frame.Testcase@63a12c68]" started-at="2022-12-11T22:28:29 IST" name="tc2" finished-at="2022-12-11T22:30:33 IST" duration-ms="123442" status="PASS">
          <reporter-output>
          </reporter-output>
        </test-method> <!-- tc2 -->
      </class> <!-- frame.Testcase -->
    </test> <!-- Default test -->
  </suite> <!-- Default suite -->
</testng-results>
